<?xml version="1.0" encoding="UTF-8"?>
<!-- Generated by org.testng.reporters.JUnitReportReporter -->
<testsuite skipped="0" hostname="VACOLTNAYAKI" name="com.va.eprs.testcases.EprsE2ESuiteRunnerTest" tests="1" failures="0" timestamp="18 Feb 2021 04:13:39 GMT" time="0.016" errors="0">
  <testcase name="printClass" time="0.016" classname="com.va.eprs.testcases.EprsE2ESuiteRunnerTest"/>
</testsuite> <!-- com.va.eprs.testcases.EprsE2ESuiteRunnerTest -->
