<?xml version="1.0" encoding="UTF-8"?>
<!-- Generated by org.testng.reporters.JUnitReportReporter -->
<testsuite skipped="0" hostname="VACOLTNAYAKI" name="com.va.dsm.testcases.DsmE2ETest" tests="1" failures="0" timestamp="19 May 2022 02:18:51 GMT" time="145.718" errors="0">
  <testcase name="Test002_DSM_Email_Compose_With_Attachment" time="145.718" classname="com.va.dsm.testcases.DsmE2ETest"/>
</testsuite> <!-- com.va.dsm.testcases.DsmE2ETest -->
