<?xml version="1.0" encoding="UTF-8"?>
<!-- Generated by org.testng.reporters.JUnitReportReporter -->
<testsuite skipped="0" hostname="VACOLTNAYAKI" name="com.va.eprs.testcases.EprsE2ETest" tests="6" failures="0" timestamp="22 Feb 2021 16:25:43 GMT" time="87.021" errors="0">
  <testcase name="Test006_CCN_Waivers" time="87.016" classname="com.va.eprs.testcases.EprsE2ETest"/>
  <testcase name="Test001_Quality_Check" time="0.003" classname="com.va.eprs.testcases.EprsE2ETest"/>
  <testcase name="Test005_CCN_Deviations" time="0.001" classname="com.va.eprs.testcases.EprsE2ETest"/>
  <testcase name="Test002_CCN_Issues" time="0.000" classname="com.va.eprs.testcases.EprsE2ETest"/>
  <testcase name="Test003_CCN_Congressional_Inquiry" time="0.001" classname="com.va.eprs.testcases.EprsE2ETest"/>
  <testcase name="Test004_CCN_Corrective_Action_Plan" time="0.000" classname="com.va.eprs.testcases.EprsE2ETest"/>
</testsuite> <!-- com.va.eprs.testcases.EprsE2ETest -->
